<?xml version="1.0" encoding="UTF-8"?>
<!-- Generated by org.testng.reporters.JUnitReportReporter -->
<testsuite hostname="SACHITHA" failures="0" tests="1" name="com.example.AppTest" time="33.840" errors="0" timestamp="2024-05-02T11:26:37 IST" skipped="0">
  <testcase classname="com.example.AppTest" name="test" time="33.840"/>
</testsuite> <!-- com.example.AppTest -->
